src/api/client.ts(1,19): error TS2307: Cannot find module 'axios' or its corresponding type declarations.
src/api/client.ts(15,4): error TS7006: Parameter 'config' implicitly has an 'any' type.
src/api/client.ts(22,4): error TS7006: Parameter 'error' implicitly has an 'any' type.
src/App.tsx(2,56): error TS2307: Cannot find module 'react-router-dom' or its corresponding type declarations.
src/components/Button.tsx(2,25): error TS2307: Cannot find module 'lucide-react' or its corresponding type declarations.
src/components/Layout.tsx(1,1): error TS6133: 'React' is declared but its value is never read.
src/components/Layout.tsx(2,24): error TS2307: Cannot find module 'react-router-dom' or its corresponding type declarations.
src/components/Sidebar.tsx(1,1): error TS6133: 'React' is declared but its value is never read.
src/components/Sidebar.tsx(2,25): error TS2307: Cannot find module 'react-router-dom' or its corresponding type declarations.
src/components/Sidebar.tsx(3,57): error TS2307: Cannot find module 'lucide-react' or its corresponding type declarations.
src/components/Sidebar.tsx(15,39): error TS7031: Binding element 'isActive' implicitly has an 'any' type.
src/components/Sidebar.tsx(19,44): error TS7031: Binding element 'isActive' implicitly has an 'any' type.
src/components/Sidebar.tsx(23,53): error TS7031: Binding element 'isActive' implicitly has an 'any' type.
src/pages/Login.tsx(2,29): error TS2307: Cannot find module 'react-router-dom' or its corresponding type declarations.
src/pages/PointHistory.tsx(1,8): error TS6133: 'React' is declared but its value is never read.
